<?xml version="1.0" encoding="UTF-8"?>
<testng-results ignored="0" total="1" passed="1" failed="0" skipped="0">
  <reporter-output>
  </reporter-output>
  <suite started-at="2024-06-13T17:21:09 IST" name="Default suite" finished-at="2024-06-13T17:21:09 IST" duration-ms="48">
    <groups>
    </groups>
    <test started-at="2024-06-13T17:21:09 IST" name="Default test" finished-at="2024-06-13T17:21:09 IST" duration-ms="48">
      <class name="com.test01.B2cAppTest">
        <test-method signature="testlogin1()[pri:0, instance:com.test01.B2cAppTest@1de76cc7]" started-at="2024-06-13T17:21:09 IST" name="testlogin1" finished-at="2024-06-13T17:21:09 IST" duration-ms="20" status="PASS">
          <reporter-output>
          </reporter-output>
        </test-method> <!-- testlogin1 -->
      </class> <!-- com.test01.B2cAppTest -->
    </test> <!-- Default test -->
  </suite> <!-- Default suite -->
</testng-results>
